[debug] [2026-05-06T04:05:56.226Z] ----------------------------------------------------------------------
[debug] [2026-05-06T04:05:56.229Z] Command:       C:\Program Files\nodejs\node.exe C:\Users\USUARIO\AppData\Roaming\npm\node_modules\firebase-tools\lib\bin\firebase.js deploy --only hosting
[debug] [2026-05-06T04:05:56.229Z] CLI Version:   15.16.0
[debug] [2026-05-06T04:05:56.229Z] Platform:      win32
[debug] [2026-05-06T04:05:56.230Z] Node Version:  v22.19.0
[debug] [2026-05-06T04:05:56.230Z] Time:          Tue May 05 2026 23:05:56 GMT-0500 (hora estándar de Colombia)
[debug] [2026-05-06T04:05:56.230Z] ----------------------------------------------------------------------
[debug] 
[debug] [2026-05-06T04:05:57.793Z] > command requires scopes: ["email","openid","https://www.googleapis.com/auth/cloudplatformprojects.readonly","https://www.googleapis.com/auth/firebase","https://www.googleapis.com/auth/cloud-platform"]
[debug] [2026-05-06T04:05:57.793Z] > authorizing via signed-in user (denunciadorufian492@gmail.com)
[debug] [2026-05-06T04:05:57.794Z] [iam] checking project ciclistas-fantasmas-cf99 for permissions ["firebase.projects.get","firebasehosting.sites.update"]
[debug] [2026-05-06T04:05:57.795Z] Checked if tokens are valid: true, expires at: 1778043586546
[debug] [2026-05-06T04:05:57.795Z] Checked if tokens are valid: true, expires at: 1778043586546
[debug] [2026-05-06T04:05:57.796Z] >>> [apiv2][query] POST https://cloudresourcemanager.googleapis.com/v1/projects/ciclistas-fantasmas-cf99:testIamPermissions [none]
[debug] [2026-05-06T04:05:57.796Z] >>> [apiv2][(partial)header] POST https://cloudresourcemanager.googleapis.com/v1/projects/ciclistas-fantasmas-cf99:testIamPermissions  x-goog-user-project=ciclistas-fantasmas-cf99
[debug] [2026-05-06T04:05:57.796Z] >>> [apiv2][body] POST https://cloudresourcemanager.googleapis.com/v1/projects/ciclistas-fantasmas-cf99:testIamPermissions {"permissions":["firebase.projects.get","firebasehosting.sites.update"]}
[debug] [2026-05-06T04:05:58.355Z] <<< [apiv2][status] POST https://cloudresourcemanager.googleapis.com/v1/projects/ciclistas-fantasmas-cf99:testIamPermissions 200
[debug] [2026-05-06T04:05:58.355Z] <<< [apiv2][body] POST https://cloudresourcemanager.googleapis.com/v1/projects/ciclistas-fantasmas-cf99:testIamPermissions {"permissions":["firebase.projects.get","firebasehosting.sites.update"]}
[debug] [2026-05-06T04:05:58.356Z] Checked if tokens are valid: true, expires at: 1778043586546
[debug] [2026-05-06T04:05:58.356Z] Checked if tokens are valid: true, expires at: 1778043586546
[debug] [2026-05-06T04:05:58.356Z] >>> [apiv2][query] GET https://firebase.googleapis.com/v1beta1/projects/ciclistas-fantasmas-cf99 [none]
[debug] [2026-05-06T04:05:58.849Z] <<< [apiv2][status] GET https://firebase.googleapis.com/v1beta1/projects/ciclistas-fantasmas-cf99 200
[debug] [2026-05-06T04:05:58.849Z] <<< [apiv2][body] GET https://firebase.googleapis.com/v1beta1/projects/ciclistas-fantasmas-cf99 {"projectId":"ciclistas-fantasmas-cf99","projectNumber":"21053803698","displayName":"Ciclistas Fantasmas","name":"projects/ciclistas-fantasmas-cf99","resources":{"hostingSite":"ciclistas-fantasmas-cf99"},"state":"ACTIVE","etag":"1_eecb4dce-ff64-41c1-a2b3-93372d30039c"}
[info] 
[info] === Deploying to 'ciclistas-fantasmas-cf99'...
[info] 
[info] i  deploying hosting 
[debug] [2026-05-06T04:05:58.852Z] Checked if tokens are valid: true, expires at: 1778043586546
[debug] [2026-05-06T04:05:58.852Z] Checked if tokens are valid: true, expires at: 1778043586546
[debug] [2026-05-06T04:05:58.853Z] >>> [apiv2][query] GET https://firebasehosting.googleapis.com/v1beta1/projects/ciclistas-fantasmas-cf99/sites/ciclistas-fantasmas-cf99 [none]
[debug] [2026-05-06T04:05:59.962Z] <<< [apiv2][status] GET https://firebasehosting.googleapis.com/v1beta1/projects/ciclistas-fantasmas-cf99/sites/ciclistas-fantasmas-cf99 200
[debug] [2026-05-06T04:05:59.962Z] <<< [apiv2][body] GET https://firebasehosting.googleapis.com/v1beta1/projects/ciclistas-fantasmas-cf99/sites/ciclistas-fantasmas-cf99 {"name":"projects/ciclistas-fantasmas-cf99/sites/ciclistas-fantasmas-cf99","defaultUrl":"https://ciclistas-fantasmas-cf99.web.app","type":"DEFAULT_SITE"}
[debug] [2026-05-06T04:05:59.963Z] Checked if tokens are valid: true, expires at: 1778043586546
[debug] [2026-05-06T04:05:59.963Z] Checked if tokens are valid: true, expires at: 1778043586546
[debug] [2026-05-06T04:05:59.963Z] >>> [apiv2][query] POST https://firebasehosting.googleapis.com/v1beta1/projects/-/sites/ciclistas-fantasmas-cf99/versions [none]
[debug] [2026-05-06T04:05:59.963Z] >>> [apiv2][body] POST https://firebasehosting.googleapis.com/v1beta1/projects/-/sites/ciclistas-fantasmas-cf99/versions {"status":"CREATED","labels":{"deployment-tool":"cli-firebase"}}
[debug] [2026-05-06T04:06:00.960Z] <<< [apiv2][status] POST https://firebasehosting.googleapis.com/v1beta1/projects/-/sites/ciclistas-fantasmas-cf99/versions 200
[debug] [2026-05-06T04:06:00.960Z] <<< [apiv2][body] POST https://firebasehosting.googleapis.com/v1beta1/projects/-/sites/ciclistas-fantasmas-cf99/versions {"name":"projects/21053803698/sites/ciclistas-fantasmas-cf99/versions/59dc23d723ae06d5","status":"CREATED","config":{},"labels":{"deployment-tool":"cli-firebase"}}
[info] i  hosting[ciclistas-fantasmas-cf99]: beginning deploy... 
[info] i  hosting[ciclistas-fantasmas-cf99]: found 3 files in dist 
[debug] [2026-05-06T04:06:00.974Z] [hosting] uploading with 200 concurrency
[debug] [2026-05-06T04:06:00.982Z] Checked if tokens are valid: true, expires at: 1778043586546
[debug] [2026-05-06T04:06:00.982Z] Checked if tokens are valid: true, expires at: 1778043586546
[debug] [2026-05-06T04:06:00.983Z] [hosting] hash cache [ZGlzdA] stored for 3 files
[debug] [2026-05-06T04:06:00.983Z] [hosting][hash queue][FINAL] {"max":7,"min":5,"avg":5.666666666666667,"active":0,"complete":3,"success":3,"errored":0,"retried":0,"total":3,"elapsed":8}
[debug] [2026-05-06T04:06:00.984Z] >>> [apiv2][query] POST https://firebasehosting.googleapis.com/v1beta1/projects/21053803698/sites/ciclistas-fantasmas-cf99/versions/59dc23d723ae06d5:populateFiles [none]
[debug] [2026-05-06T04:06:00.984Z] >>> [apiv2][body] POST https://firebasehosting.googleapis.com/v1beta1/projects/21053803698/sites/ciclistas-fantasmas-cf99/versions/59dc23d723ae06d5:populateFiles {"files":{"/assets/index-CIt81pqn.css":"f2113ee2fa06d507c034c84e4cfac9de556253aedb603b72c3656f3a0cd0f882","/assets/index-Ch8EywTD.js":"9a5870d61e0ebf7c01a3f5573d30424cd5d153d0d0f43ab41ff01568d966c212","/index.html":"91233bb4582182da2f4786d51fd1f6ad78b5689f32cce54258cec20f95aca494"}}
[debug] [2026-05-06T04:06:01.543Z] <<< [apiv2][status] POST https://firebasehosting.googleapis.com/v1beta1/projects/21053803698/sites/ciclistas-fantasmas-cf99/versions/59dc23d723ae06d5:populateFiles 200
[debug] [2026-05-06T04:06:01.543Z] <<< [apiv2][body] POST https://firebasehosting.googleapis.com/v1beta1/projects/21053803698/sites/ciclistas-fantasmas-cf99/versions/59dc23d723ae06d5:populateFiles {"uploadRequiredHashes":["91233bb4582182da2f4786d51fd1f6ad78b5689f32cce54258cec20f95aca494","9a5870d61e0ebf7c01a3f5573d30424cd5d153d0d0f43ab41ff01568d966c212"],"uploadUrl":"https://upload-firebasehosting.googleapis.com/upload/sites/ciclistas-fantasmas-cf99/versions/59dc23d723ae06d5/files"}
[debug] [2026-05-06T04:06:01.544Z] Checked if tokens are valid: true, expires at: 1778043586546
[debug] [2026-05-06T04:06:01.544Z] Checked if tokens are valid: true, expires at: 1778043586546
[debug] [2026-05-06T04:06:01.544Z] Checked if tokens are valid: true, expires at: 1778043586546
[debug] [2026-05-06T04:06:01.544Z] Checked if tokens are valid: true, expires at: 1778043586546
[debug] [2026-05-06T04:06:01.545Z] >>> [apiv2][query] POST https://upload-firebasehosting.googleapis.com/upload/sites/ciclistas-fantasmas-cf99/versions/59dc23d723ae06d5/files/91233bb4582182da2f4786d51fd1f6ad78b5689f32cce54258cec20f95aca494 [none]
[debug] [2026-05-06T04:06:01.545Z] >>> [apiv2][body] POST https://upload-firebasehosting.googleapis.com/upload/sites/ciclistas-fantasmas-cf99/versions/59dc23d723ae06d5/files/91233bb4582182da2f4786d51fd1f6ad78b5689f32cce54258cec20f95aca494 [stream]
[debug] [2026-05-06T04:06:01.546Z] >>> [apiv2][query] POST https://upload-firebasehosting.googleapis.com/upload/sites/ciclistas-fantasmas-cf99/versions/59dc23d723ae06d5/files/9a5870d61e0ebf7c01a3f5573d30424cd5d153d0d0f43ab41ff01568d966c212 [none]
[debug] [2026-05-06T04:06:01.546Z] >>> [apiv2][body] POST https://upload-firebasehosting.googleapis.com/upload/sites/ciclistas-fantasmas-cf99/versions/59dc23d723ae06d5/files/9a5870d61e0ebf7c01a3f5573d30424cd5d153d0d0f43ab41ff01568d966c212 [stream]
[debug] [2026-05-06T04:06:01.547Z] [hosting][populate queue][FINAL] {"max":563,"min":563,"avg":563,"active":0,"complete":1,"success":1,"errored":0,"retried":0,"total":1,"elapsed":565}
[debug] [2026-05-06T04:06:01.547Z] [hosting] uploads queued: 2
[debug] [2026-05-06T04:06:02.169Z] <<< [apiv2][status] POST https://upload-firebasehosting.googleapis.com/upload/sites/ciclistas-fantasmas-cf99/versions/59dc23d723ae06d5/files/91233bb4582182da2f4786d51fd1f6ad78b5689f32cce54258cec20f95aca494 200
[debug] [2026-05-06T04:06:02.169Z] <<< [apiv2][body] POST https://upload-firebasehosting.googleapis.com/upload/sites/ciclistas-fantasmas-cf99/versions/59dc23d723ae06d5/files/91233bb4582182da2f4786d51fd1f6ad78b5689f32cce54258cec20f95aca494 [stream]
[debug] [2026-05-06T04:06:02.394Z] <<< [apiv2][status] POST https://upload-firebasehosting.googleapis.com/upload/sites/ciclistas-fantasmas-cf99/versions/59dc23d723ae06d5/files/9a5870d61e0ebf7c01a3f5573d30424cd5d153d0d0f43ab41ff01568d966c212 200
[debug] [2026-05-06T04:06:02.394Z] <<< [apiv2][body] POST https://upload-firebasehosting.googleapis.com/upload/sites/ciclistas-fantasmas-cf99/versions/59dc23d723ae06d5/files/9a5870d61e0ebf7c01a3f5573d30424cd5d153d0d0f43ab41ff01568d966c212 [stream]
[debug] [2026-05-06T04:06:02.394Z] [hosting][upload queue][FINAL] {"max":850,"min":625,"avg":737.5,"active":0,"complete":2,"success":2,"errored":0,"retried":0,"total":2,"elapsed":850}
[info] i  hosting: upload complete 
[info] +  hosting[ciclistas-fantasmas-cf99]: file upload complete 
[debug] [2026-05-06T04:06:02.395Z] [hosting] deploy completed after 1432ms
[debug] [2026-05-06T04:06:02.395Z] [
  {
    "config": {
      "public": "dist",
      "ignore": [
        "firebase.json",
        "**/.*",
        "**/node_modules/**"
      ],
      "rewrites": [
        {
          "source": "**",
          "destination": "/index.html"
        }
      ],
      "site": "ciclistas-fantasmas-cf99"
    },
    "version": "projects/21053803698/sites/ciclistas-fantasmas-cf99/versions/59dc23d723ae06d5"
  }
]
[info] i  hosting[ciclistas-fantasmas-cf99]: finalizing version... 
[debug] [2026-05-06T04:06:02.397Z] Checked if tokens are valid: true, expires at: 1778043586546
[debug] [2026-05-06T04:06:02.397Z] Checked if tokens are valid: true, expires at: 1778043586546
[debug] [2026-05-06T04:06:02.397Z] >>> [apiv2][query] PATCH https://firebasehosting.googleapis.com/v1beta1/projects/-/sites/ciclistas-fantasmas-cf99/versions/59dc23d723ae06d5 updateMask=status%2Cconfig
[debug] [2026-05-06T04:06:02.397Z] >>> [apiv2][body] PATCH https://firebasehosting.googleapis.com/v1beta1/projects/-/sites/ciclistas-fantasmas-cf99/versions/59dc23d723ae06d5 {"status":"FINALIZED","config":{"rewrites":[{"glob":"**","path":"/index.html"}]}}
